2025-12-10 17:47:40.582 [SpringApplicationShutdownHook] ERROR c.netflix.discovery.DiscoveryClient - DiscoveryClient_AUTH-SERVICE/192.168.1.139:auth-service:8081 - de-registration failedCannot execute request on any known server
com.netflix.discovery.shared.transport.TransportException: Cannot execute request on any known server
	at com.netflix.discovery.shared.transport.decorator.RetryableEurekaHttpClient.execute(RetryableEurekaHttpClient.java:112)
	at com.netflix.discovery.shared.transport.decorator.EurekaHttpClientDecorator.cancel(EurekaHttpClientDecorator.java:71)
	at com.netflix.discovery.shared.transport.decorator.EurekaHttpClientDecorator$2.execute(EurekaHttpClientDecorator.java:74)
	at com.netflix.discovery.shared.transport.decorator.SessionedEurekaHttpClient.execute(SessionedEurekaHttpClient.java:76)
	at com.netflix.discovery.shared.transport.decorator.EurekaHttpClientDecorator.cancel(EurekaHttpClientDecorator.java:71)
	at com.netflix.discovery.DiscoveryClient.unregister(DiscoveryClient.java:919)
	at com.netflix.discovery.DiscoveryClient.shutdown(DiscoveryClient.java:900)
	at java.base/jdk.internal.reflect.DirectMethodHandleAccessor.invoke(DirectMethodHandleAccessor.java:103)
	at java.base/java.lang.reflect.Method.invoke(Method.java:580)
	at org.springframework.beans.factory.annotation.InitDestroyAnnotationBeanPostProcessor$LifecycleMethod.invoke(InitDestroyAnnotationBeanPostProcessor.java:457)
	at org.springframework.beans.factory.annotation.InitDestroyAnnotationBeanPostProcessor$LifecycleMetadata.invokeDestroyMethods(InitDestroyAnnotationBeanPostProcessor.java:415)
	at org.springframework.beans.factory.annotation.InitDestroyAnnotationBeanPostProcessor.postProcessBeforeDestruction(InitDestroyAnnotationBeanPostProcessor.java:239)
	at org.springframework.beans.factory.support.DisposableBeanAdapter.destroy(DisposableBeanAdapter.java:202)
	at org.springframework.beans.factory.support.DisposableBeanAdapter.run(DisposableBeanAdapter.java:195)
	at org.springframework.cloud.context.scope.GenericScope$BeanLifecycleWrapper.destroy(GenericScope.java:389)
	at org.springframework.cloud.context.scope.GenericScope.destroy(GenericScope.java:136)
	at org.springframework.beans.factory.support.DisposableBeanAdapter.destroy(DisposableBeanAdapter.java:211)
	at org.springframework.beans.factory.support.DefaultSingletonBeanRegistry.destroyBean(DefaultSingletonBeanRegistry.java:667)
	at org.springframework.beans.factory.support.DefaultSingletonBeanRegistry.destroySingleton(DefaultSingletonBeanRegistry.java:624)
	at org.springframework.beans.factory.support.DefaultListableBeanFactory.destroySingleton(DefaultListableBeanFactory.java:1363)
	at org.springframework.beans.factory.support.DefaultSingletonBeanRegistry.destroySingletons(DefaultSingletonBeanRegistry.java:583)
	at org.springframework.beans.factory.support.DefaultListableBeanFactory.destroySingletons(DefaultListableBeanFactory.java:1356)
	at org.springframework.context.support.AbstractApplicationContext.destroyBeans(AbstractApplicationContext.java:1219)
	at org.springframework.context.support.AbstractApplicationContext.doClose(AbstractApplicationContext.java:1180)
	at org.springframework.boot.web.servlet.context.ServletWebServerApplicationContext.doClose(ServletWebServerApplicationContext.java:174)
	at org.springframework.context.support.AbstractApplicationContext.close(AbstractApplicationContext.java:1126)
	at org.springframework.boot.SpringApplicationShutdownHook.closeAndWait(SpringApplicationShutdownHook.java:145)
	at java.base/java.lang.Iterable.forEach(Iterable.java:75)
	at org.springframework.boot.SpringApplicationShutdownHook.run(SpringApplicationShutdownHook.java:114)
	at java.base/java.lang.Thread.run(Thread.java:1583)
2025-12-10 17:48:38.765 [http-nio-8081-exec-4] ERROR c.t.a.e.GlobalExceptionHandler - Auth error: Email already registered
2025-12-10 17:48:41.783 [http-nio-8081-exec-5] ERROR c.t.a.e.GlobalExceptionHandler - Auth error: Email already registered
2025-12-10 17:49:56.028 [http-nio-8081-exec-6] ERROR c.t.a.e.GlobalExceptionHandler - Auth error: Email already registered
2025-12-10 17:49:56.477 [http-nio-8081-exec-7] ERROR c.t.a.e.GlobalExceptionHandler - Auth error: Email already registered
2025-12-10 17:49:56.825 [http-nio-8081-exec-8] ERROR c.t.a.e.GlobalExceptionHandler - Auth error: Email already registered
2025-12-10 17:49:57.223 [http-nio-8081-exec-9] ERROR c.t.a.e.GlobalExceptionHandler - Auth error: Email already registered
2025-12-10 17:49:57.543 [http-nio-8081-exec-10] ERROR c.t.a.e.GlobalExceptionHandler - Auth error: Email already registered
2025-12-10 17:49:57.812 [http-nio-8081-exec-1] ERROR c.t.a.e.GlobalExceptionHandler - Auth error: Email already registered
2025-12-10 17:50:00.772 [http-nio-8081-exec-2] ERROR c.t.a.e.GlobalExceptionHandler - Auth error: Email already registered
2025-12-10 17:50:01.180 [http-nio-8081-exec-3] ERROR c.t.a.e.GlobalExceptionHandler - Auth error: Email already registered
2025-12-10 17:50:01.418 [http-nio-8081-exec-4] ERROR c.t.a.e.GlobalExceptionHandler - Auth error: Email already registered
2025-12-10 17:50:01.586 [http-nio-8081-exec-5] ERROR c.t.a.e.GlobalExceptionHandler - Auth error: Email already registered
2025-12-10 17:50:01.745 [http-nio-8081-exec-6] ERROR c.t.a.e.GlobalExceptionHandler - Auth error: Email already registered
2025-12-10 17:50:01.908 [http-nio-8081-exec-7] ERROR c.t.a.e.GlobalExceptionHandler - Auth error: Email already registered
2025-12-10 17:50:02.062 [http-nio-8081-exec-8] ERROR c.t.a.e.GlobalExceptionHandler - Auth error: Email already registered
2025-12-10 17:50:02.218 [http-nio-8081-exec-9] ERROR c.t.a.e.GlobalExceptionHandler - Auth error: Email already registered
2025-12-10 17:50:25.889 [http-nio-8081-exec-10] ERROR c.t.a.e.GlobalExceptionHandler - Auth error: Email already registered
2025-12-10 17:50:26.033 [http-nio-8081-exec-1] ERROR c.t.a.e.GlobalExceptionHandler - Auth error: Email already registered
2025-12-10 17:50:26.194 [http-nio-8081-exec-2] ERROR c.t.a.e.GlobalExceptionHandler - Auth error: Email already registered
2025-12-10 17:57:11.018 [http-nio-8081-exec-3] ERROR c.t.a.e.GlobalExceptionHandler - Auth error: Email already registered
2025-12-10 17:57:11.095 [http-nio-8081-exec-4] ERROR c.t.a.e.GlobalExceptionHandler - Auth error: Email already registered
2025-12-10 17:58:40.646 [SpringApplicationShutdownHook] ERROR c.netflix.discovery.DiscoveryClient - DiscoveryClient_AUTH-SERVICE/192.168.1.139:auth-service:8081 - de-registration failedCannot execute request on any known server
com.netflix.discovery.shared.transport.TransportException: Cannot execute request on any known server
	at com.netflix.discovery.shared.transport.decorator.RetryableEurekaHttpClient.execute(RetryableEurekaHttpClient.java:112)
	at com.netflix.discovery.shared.transport.decorator.EurekaHttpClientDecorator.cancel(EurekaHttpClientDecorator.java:71)
	at com.netflix.discovery.shared.transport.decorator.EurekaHttpClientDecorator$2.execute(EurekaHttpClientDecorator.java:74)
	at com.netflix.discovery.shared.transport.decorator.SessionedEurekaHttpClient.execute(SessionedEurekaHttpClient.java:76)
	at com.netflix.discovery.shared.transport.decorator.EurekaHttpClientDecorator.cancel(EurekaHttpClientDecorator.java:71)
	at com.netflix.discovery.DiscoveryClient.unregister(DiscoveryClient.java:919)
	at com.netflix.discovery.DiscoveryClient.shutdown(DiscoveryClient.java:900)
	at java.base/jdk.internal.reflect.DirectMethodHandleAccessor.invoke(DirectMethodHandleAccessor.java:103)
	at java.base/java.lang.reflect.Method.invoke(Method.java:580)
	at org.springframework.beans.factory.annotation.InitDestroyAnnotationBeanPostProcessor$LifecycleMethod.invoke(InitDestroyAnnotationBeanPostProcessor.java:457)
	at org.springframework.beans.factory.annotation.InitDestroyAnnotationBeanPostProcessor$LifecycleMetadata.invokeDestroyMethods(InitDestroyAnnotationBeanPostProcessor.java:415)
	at org.springframework.beans.factory.annotation.InitDestroyAnnotationBeanPostProcessor.postProcessBeforeDestruction(InitDestroyAnnotationBeanPostProcessor.java:239)
	at org.springframework.beans.factory.support.DisposableBeanAdapter.destroy(DisposableBeanAdapter.java:202)
	at org.springframework.beans.factory.support.DisposableBeanAdapter.run(DisposableBeanAdapter.java:195)
	at org.springframework.cloud.context.scope.GenericScope$BeanLifecycleWrapper.destroy(GenericScope.java:389)
	at org.springframework.cloud.context.scope.GenericScope.destroy(GenericScope.java:136)
	at org.springframework.beans.factory.support.DisposableBeanAdapter.destroy(DisposableBeanAdapter.java:211)
	at org.springframework.beans.factory.support.DefaultSingletonBeanRegistry.destroyBean(DefaultSingletonBeanRegistry.java:667)
	at org.springframework.beans.factory.support.DefaultSingletonBeanRegistry.destroySingleton(DefaultSingletonBeanRegistry.java:624)
	at org.springframework.beans.factory.support.DefaultListableBeanFactory.destroySingleton(DefaultListableBeanFactory.java:1363)
	at org.springframework.beans.factory.support.DefaultSingletonBeanRegistry.destroySingletons(DefaultSingletonBeanRegistry.java:583)
	at org.springframework.beans.factory.support.DefaultListableBeanFactory.destroySingletons(DefaultListableBeanFactory.java:1356)
	at org.springframework.context.support.AbstractApplicationContext.destroyBeans(AbstractApplicationContext.java:1219)
	at org.springframework.context.support.AbstractApplicationContext.doClose(AbstractApplicationContext.java:1180)
	at org.springframework.boot.web.servlet.context.ServletWebServerApplicationContext.doClose(ServletWebServerApplicationContext.java:174)
	at org.springframework.context.support.AbstractApplicationContext.close(AbstractApplicationContext.java:1126)
	at org.springframework.boot.SpringApplicationShutdownHook.closeAndWait(SpringApplicationShutdownHook.java:145)
	at java.base/java.lang.Iterable.forEach(Iterable.java:75)
	at org.springframework.boot.SpringApplicationShutdownHook.run(SpringApplicationShutdownHook.java:114)
	at java.base/java.lang.Thread.run(Thread.java:1583)
2025-12-10 18:01:44.637 [http-nio-8081-exec-5] ERROR c.t.a.e.GlobalExceptionHandler - Auth error: Email already registered
2025-12-10 18:05:33.790 [http-nio-8081-exec-6] ERROR c.t.a.e.GlobalExceptionHandler - Auth error: Email already registered
