2025-12-10 17:38:00.270 [main] INFO  c.t.d.DiscoveryServerApplication - Starting DiscoveryServerApplication using Java 21.0.9 with PID 77743 (/Users/syanak/42/BilişimVadisiHackathon/discovery-server/target/classes started by syanak in /Users/syanak/42/BilişimVadisiHackathon/discovery-server)
2025-12-10 17:38:00.270 [main] DEBUG c.t.d.DiscoveryServerApplication - Running with Spring Boot v3.4.0, Spring v6.2.0
2025-12-10 17:38:00.270 [main] INFO  c.t.d.DiscoveryServerApplication - No active profile set, falling back to 1 default profile: "default"
2025-12-10 17:38:00.555 [main] INFO  o.s.cloud.context.scope.GenericScope - BeanFactory id=4abc0860-7b99-35e2-800a-e1baccfd6186
2025-12-10 17:38:00.635 [main] INFO  o.s.b.w.e.tomcat.TomcatWebServer - Tomcat initialized with port 8761 (http)
2025-12-10 17:38:00.639 [main] INFO  o.a.catalina.core.StandardService - Starting service [Tomcat]
2025-12-10 17:38:00.639 [main] INFO  o.a.catalina.core.StandardEngine - Starting Servlet engine: [Apache Tomcat/10.1.33]
2025-12-10 17:38:00.658 [main] INFO  o.a.c.c.C.[Tomcat].[localhost].[/] - Initializing Spring embedded WebApplicationContext
2025-12-10 17:38:00.658 [main] INFO  o.s.b.w.s.c.ServletWebServerApplicationContext - Root WebApplicationContext: initialization completed in 372 ms
2025-12-10 17:38:01.188 [main] WARN  o.s.c.l.c.LoadBalancerCacheAutoConfiguration$LoadBalancerCaffeineWarnLogger - Spring Cloud LoadBalancer is currently working with the default cache. While this cache implementation is useful for development and tests, it's recommended to use Caffeine cache in production.You can switch to using Caffeine cache, by adding it and org.springframework.cache.caffeine.CaffeineCacheManager to the classpath.
2025-12-10 17:38:01.193 [main] INFO  o.s.c.n.eureka.InstanceInfoFactory - Setting initial instance status as: STARTING
2025-12-10 17:38:01.210 [main] WARN  c.n.eureka.cluster.PeerEurekaNodes - The replica size seems to be empty. Check the route 53 DNS Registry
2025-12-10 17:38:01.219 [main] INFO  o.s.b.a.e.web.EndpointLinksResolver - Exposing 2 endpoints beneath base path '/actuator'
2025-12-10 17:38:01.233 [main] INFO  o.s.c.n.e.s.EurekaServiceRegistry - Registering application DISCOVERY-SERVER with eureka with status UP
2025-12-10 17:38:01.236 [Thread-10] INFO  o.s.c.n.e.s.EurekaServerBootstrap - isAws returned false
2025-12-10 17:38:01.237 [Thread-10] INFO  o.s.c.n.e.s.EurekaServerBootstrap - Initialized server context
2025-12-10 17:38:01.237 [Thread-10] INFO  o.s.c.n.e.s.EurekaServerInitializerConfiguration - Started Eureka Server
2025-12-10 17:38:01.240 [main] INFO  o.s.b.w.e.tomcat.TomcatWebServer - Tomcat started on port 8761 (http) with context path '/'
2025-12-10 17:38:01.240 [main] INFO  o.s.c.n.e.s.EurekaAutoServiceRegistration - Updating port to 8761
2025-12-10 17:38:01.248 [main] INFO  c.t.d.DiscoveryServerApplication - Started DiscoveryServerApplication in 1.159 seconds (process running for 1.328)
2025-12-10 17:38:03.780 [http-nio-8761-exec-1] INFO  o.a.c.c.C.[Tomcat].[localhost].[/] - Initializing Spring DispatcherServlet 'dispatcherServlet'
2025-12-10 17:38:03.780 [http-nio-8761-exec-1] INFO  o.s.web.servlet.DispatcherServlet - Initializing Servlet 'dispatcherServlet'
2025-12-10 17:38:03.781 [http-nio-8761-exec-1] INFO  o.s.web.servlet.DispatcherServlet - Completed initialization in 1 ms
2025-12-10 17:47:37.533 [SpringApplicationShutdownHook] INFO  o.s.c.n.e.s.EurekaServiceRegistry - Unregistering application DISCOVERY-SERVER with eureka with status DOWN
2025-12-10 17:47:37.541 [SpringApplicationShutdownHook] INFO  o.s.b.w.e.tomcat.GracefulShutdown - Commencing graceful shutdown. Waiting for active requests to complete
2025-12-10 17:47:37.550 [tomcat-shutdown] INFO  o.s.b.w.e.tomcat.GracefulShutdown - Graceful shutdown complete
2025-12-10 17:47:37.553 [SpringApplicationShutdownHook] INFO  o.s.c.n.e.s.EurekaServerBootstrap - Shutting down Eureka Server..
2025-12-10 17:47:37.553 [SpringApplicationShutdownHook] INFO  o.s.c.n.e.s.EurekaServerBootstrap - Eureka Service is now shutdown...
2025-12-10 17:47:48.646 [main] INFO  c.t.d.DiscoveryServerApplication - Starting DiscoveryServerApplication using Java 21.0.9 with PID 82740 (/Users/syanak/42/BilişimVadisiHackathon/discovery-server/target/classes started by syanak in /Users/syanak/42/BilişimVadisiHackathon/discovery-server)
2025-12-10 17:47:48.646 [main] DEBUG c.t.d.DiscoveryServerApplication - Running with Spring Boot v3.4.0, Spring v6.2.0
2025-12-10 17:47:48.646 [main] INFO  c.t.d.DiscoveryServerApplication - No active profile set, falling back to 1 default profile: "default"
2025-12-10 17:47:48.913 [main] INFO  o.s.cloud.context.scope.GenericScope - BeanFactory id=4abc0860-7b99-35e2-800a-e1baccfd6186
2025-12-10 17:47:48.989 [main] INFO  o.s.b.w.e.tomcat.TomcatWebServer - Tomcat initialized with port 8761 (http)
2025-12-10 17:47:48.993 [main] INFO  o.a.catalina.core.StandardService - Starting service [Tomcat]
2025-12-10 17:47:48.993 [main] INFO  o.a.catalina.core.StandardEngine - Starting Servlet engine: [Apache Tomcat/10.1.33]
2025-12-10 17:47:49.011 [main] INFO  o.a.c.c.C.[Tomcat].[localhost].[/] - Initializing Spring embedded WebApplicationContext
2025-12-10 17:47:49.011 [main] INFO  o.s.b.w.s.c.ServletWebServerApplicationContext - Root WebApplicationContext: initialization completed in 351 ms
2025-12-10 17:47:49.517 [main] WARN  o.s.c.l.c.LoadBalancerCacheAutoConfiguration$LoadBalancerCaffeineWarnLogger - Spring Cloud LoadBalancer is currently working with the default cache. While this cache implementation is useful for development and tests, it's recommended to use Caffeine cache in production.You can switch to using Caffeine cache, by adding it and org.springframework.cache.caffeine.CaffeineCacheManager to the classpath.
2025-12-10 17:47:49.522 [main] INFO  o.s.c.n.eureka.InstanceInfoFactory - Setting initial instance status as: STARTING
2025-12-10 17:47:49.539 [main] WARN  c.n.eureka.cluster.PeerEurekaNodes - The replica size seems to be empty. Check the route 53 DNS Registry
2025-12-10 17:47:49.548 [main] INFO  o.s.b.a.e.web.EndpointLinksResolver - Exposing 2 endpoints beneath base path '/actuator'
2025-12-10 17:47:49.562 [main] INFO  o.s.c.n.e.s.EurekaServiceRegistry - Registering application DISCOVERY-SERVER with eureka with status UP
2025-12-10 17:47:49.565 [Thread-10] INFO  o.s.c.n.e.s.EurekaServerBootstrap - isAws returned false
2025-12-10 17:47:49.566 [Thread-10] INFO  o.s.c.n.e.s.EurekaServerBootstrap - Initialized server context
2025-12-10 17:47:49.566 [Thread-10] INFO  o.s.c.n.e.s.EurekaServerInitializerConfiguration - Started Eureka Server
2025-12-10 17:47:49.569 [main] INFO  o.s.b.w.e.tomcat.TomcatWebServer - Tomcat started on port 8761 (http) with context path '/'
2025-12-10 17:47:49.569 [main] INFO  o.s.c.n.e.s.EurekaAutoServiceRegistration - Updating port to 8761
2025-12-10 17:47:49.578 [main] INFO  c.t.d.DiscoveryServerApplication - Started DiscoveryServerApplication in 1.098 seconds (process running for 1.255)
2025-12-10 17:47:52.355 [http-nio-8761-exec-1] INFO  o.a.c.c.C.[Tomcat].[localhost].[/] - Initializing Spring DispatcherServlet 'dispatcherServlet'
2025-12-10 17:47:52.355 [http-nio-8761-exec-1] INFO  o.s.web.servlet.DispatcherServlet - Initializing Servlet 'dispatcherServlet'
2025-12-10 17:47:52.356 [http-nio-8761-exec-1] INFO  o.s.web.servlet.DispatcherServlet - Completed initialization in 1 ms
2025-12-10 17:57:49.539 [Eureka-PeerNodesUpdater] WARN  c.n.eureka.cluster.PeerEurekaNodes - The replica size seems to be empty. Check the route 53 DNS Registry
2025-12-10 17:58:37.600 [SpringApplicationShutdownHook] INFO  o.s.c.n.e.s.EurekaServiceRegistry - Unregistering application DISCOVERY-SERVER with eureka with status DOWN
2025-12-10 17:58:37.604 [SpringApplicationShutdownHook] INFO  o.s.b.w.e.tomcat.GracefulShutdown - Commencing graceful shutdown. Waiting for active requests to complete
2025-12-10 17:58:37.613 [tomcat-shutdown] INFO  o.s.b.w.e.tomcat.GracefulShutdown - Graceful shutdown complete
2025-12-10 17:58:37.614 [SpringApplicationShutdownHook] INFO  o.s.c.n.e.s.EurekaServerBootstrap - Shutting down Eureka Server..
2025-12-10 17:58:37.615 [SpringApplicationShutdownHook] INFO  o.s.c.n.e.s.EurekaServerBootstrap - Eureka Service is now shutdown...
2025-12-10 17:58:41.341 [main] INFO  c.t.d.DiscoveryServerApplication - Starting DiscoveryServerApplication using Java 21.0.9 with PID 88192 (/Users/syanak/42/BilişimVadisiHackathon/discovery-server/target/classes started by syanak in /Users/syanak/42/BilişimVadisiHackathon/discovery-server)
2025-12-10 17:58:41.341 [main] DEBUG c.t.d.DiscoveryServerApplication - Running with Spring Boot v3.4.0, Spring v6.2.0
2025-12-10 17:58:41.342 [main] INFO  c.t.d.DiscoveryServerApplication - No active profile set, falling back to 1 default profile: "default"
2025-12-10 17:58:41.626 [main] INFO  o.s.cloud.context.scope.GenericScope - BeanFactory id=4abc0860-7b99-35e2-800a-e1baccfd6186
2025-12-10 17:58:41.705 [main] INFO  o.s.b.w.e.tomcat.TomcatWebServer - Tomcat initialized with port 8761 (http)
2025-12-10 17:58:41.710 [main] INFO  o.a.catalina.core.StandardService - Starting service [Tomcat]
2025-12-10 17:58:41.710 [main] INFO  o.a.catalina.core.StandardEngine - Starting Servlet engine: [Apache Tomcat/10.1.33]
2025-12-10 17:58:41.729 [main] INFO  o.a.c.c.C.[Tomcat].[localhost].[/] - Initializing Spring embedded WebApplicationContext
2025-12-10 17:58:41.729 [main] INFO  o.s.b.w.s.c.ServletWebServerApplicationContext - Root WebApplicationContext: initialization completed in 375 ms
2025-12-10 17:58:42.245 [main] WARN  o.s.c.l.c.LoadBalancerCacheAutoConfiguration$LoadBalancerCaffeineWarnLogger - Spring Cloud LoadBalancer is currently working with the default cache. While this cache implementation is useful for development and tests, it's recommended to use Caffeine cache in production.You can switch to using Caffeine cache, by adding it and org.springframework.cache.caffeine.CaffeineCacheManager to the classpath.
2025-12-10 17:58:42.251 [main] INFO  o.s.c.n.eureka.InstanceInfoFactory - Setting initial instance status as: STARTING
2025-12-10 17:58:42.270 [main] WARN  c.n.eureka.cluster.PeerEurekaNodes - The replica size seems to be empty. Check the route 53 DNS Registry
2025-12-10 17:58:42.277 [main] INFO  o.s.b.a.e.web.EndpointLinksResolver - Exposing 2 endpoints beneath base path '/actuator'
2025-12-10 17:58:42.291 [main] INFO  o.s.c.n.e.s.EurekaServiceRegistry - Registering application DISCOVERY-SERVER with eureka with status UP
2025-12-10 17:58:42.294 [Thread-10] INFO  o.s.c.n.e.s.EurekaServerBootstrap - isAws returned false
2025-12-10 17:58:42.294 [Thread-10] INFO  o.s.c.n.e.s.EurekaServerBootstrap - Initialized server context
2025-12-10 17:58:42.295 [Thread-10] INFO  o.s.c.n.e.s.EurekaServerInitializerConfiguration - Started Eureka Server
2025-12-10 17:58:42.298 [main] INFO  o.s.b.w.e.tomcat.TomcatWebServer - Tomcat started on port 8761 (http) with context path '/'
2025-12-10 17:58:42.298 [main] INFO  o.s.c.n.e.s.EurekaAutoServiceRegistration - Updating port to 8761
2025-12-10 17:58:42.307 [main] INFO  c.t.d.DiscoveryServerApplication - Started DiscoveryServerApplication in 1.142 seconds (process running for 1.307)
2025-12-10 17:58:42.717 [http-nio-8761-exec-1] INFO  o.a.c.c.C.[Tomcat].[localhost].[/] - Initializing Spring DispatcherServlet 'dispatcherServlet'
2025-12-10 17:58:42.717 [http-nio-8761-exec-1] INFO  o.s.web.servlet.DispatcherServlet - Initializing Servlet 'dispatcherServlet'
2025-12-10 17:58:42.718 [http-nio-8761-exec-1] INFO  o.s.web.servlet.DispatcherServlet - Completed initialization in 1 ms
2025-12-10 17:58:42.738 [http-nio-8761-exec-1] WARN  c.n.e.r.AbstractInstanceRegistry - DS: Registry: cancel failed because Lease is not registered for: API-GATEWAY/192.168.1.139:api-gateway:8080
2025-12-10 18:08:42.289 [Eureka-PeerNodesUpdater] WARN  c.n.eureka.cluster.PeerEurekaNodes - The replica size seems to be empty. Check the route 53 DNS Registry
2025-12-10 18:18:42.280 [Eureka-PeerNodesUpdater] WARN  c.n.eureka.cluster.PeerEurekaNodes - The replica size seems to be empty. Check the route 53 DNS Registry
2025-12-10 18:28:42.086 [Eureka-PeerNodesUpdater] WARN  c.n.eureka.cluster.PeerEurekaNodes - The replica size seems to be empty. Check the route 53 DNS Registry
2025-12-10 18:38:42.075 [Eureka-PeerNodesUpdater] WARN  c.n.eureka.cluster.PeerEurekaNodes - The replica size seems to be empty. Check the route 53 DNS Registry
2025-12-10 18:48:42.070 [Eureka-PeerNodesUpdater] WARN  c.n.eureka.cluster.PeerEurekaNodes - The replica size seems to be empty. Check the route 53 DNS Registry
2025-12-10 18:58:42.034 [Eureka-PeerNodesUpdater] WARN  c.n.eureka.cluster.PeerEurekaNodes - The replica size seems to be empty. Check the route 53 DNS Registry
2025-12-10 19:08:42.014 [Eureka-PeerNodesUpdater] WARN  c.n.eureka.cluster.PeerEurekaNodes - The replica size seems to be empty. Check the route 53 DNS Registry
2025-12-10 19:18:42.168 [Eureka-PeerNodesUpdater] WARN  c.n.eureka.cluster.PeerEurekaNodes - The replica size seems to be empty. Check the route 53 DNS Registry
